<?xml version='1.0' encoding='UTF-8'?>
<testsuite hostname="HP-Tristan" name="ClimateServiceTest" tests="7" errors="0" failures="0" skipped="0" time="0.188" timestamp="2023-04-14T00:45:56">
          <properties>
[...]
</properties>
          <testcase classname="ClimateServiceTest" name="containsWordGlobalWarming - non climate related words should return false" time="0.188">
                      
                    </testcase><testcase classname="ClimateServiceTest" name="isClimateRelated - climate related words should return true" time="0.0">
                      
                    </testcase><testcase classname="ClimateServiceTest" name="parseRawData" time="0.0">
                      
                    </testcase><testcase classname="ClimateServiceTest" name="Min - Max" time="0.0">
                      
                    </testcase><testcase classname="ClimateServiceTest" name="Min - Max by year" time="0.0">
                      
                    </testcase><testcase classname="ClimateServiceTest" name="Min max difference" time="0.0">
                      
                    </testcase><testcase classname="ClimateServiceTest" name="filterDecemberData" time="0.0">
                      
                    </testcase>
          <system-out><![CDATA[]]></system-out>
          <system-err><![CDATA[]]></system-err>
        </testsuite>